app-remote-sample/build/intermediates/manifest_merge_blame_file/javaSampleDebug/manifest-merger-blame-javaSample-debug-report.txt
1<?xml version="1.0" encoding="utf-8"?>
2<manifest xmlns:android="http://schemas.android.com/apk/res/android"
3    package="com.spotify.android.appremote.demo"
4    android:versionCode="15992038"
5    android:versionName="0.7.0" >
6
7    <uses-sdk
8        android:minSdkVersion="21"
9        android:targetSdkVersion="28" />
10
11    <uses-permission android:name="android.permission.INTERNET" />
11-->src\main\AndroidManifest.xml:6:5-67
11-->src\main\AndroidManifest.xml:6:22-64
12
13    <application
13-->src\main\AndroidManifest.xml:8:5-14:50
14        android:allowBackup="false"
14-->src\main\AndroidManifest.xml:9:9-36
15        android:appComponentFactory="androidx.core.app.CoreComponentFactory"
15-->[androidx.core:core:1.1.0] AndroidManifest.xml:24:18-86
16        android:debuggable="true"
17        android:exported="true"
17-->src\main\AndroidManifest.xml:10:9-32
18        android:icon="@drawable/ic_launcher"
18-->src\main\AndroidManifest.xml:11:9-45
19        android:label="@string/app_name"
19-->src\main\AndroidManifest.xml:12:9-41
20        android:testOnly="true"
21        android:theme="@style/AppTheme" >
21-->src\main\AndroidManifest.xml:13:9-40
22        <activity
22-->src\javaSample\AndroidManifest.xml:15:9-25:20
23            android:name="com.spotify.sdk.demo.RemotePlayerActivity"
23-->src\javaSample\AndroidManifest.xml:16:13-69
24            android:exported="true"
24-->src\javaSample\AndroidManifest.xml:17:13-36
25            android:label="@string/title_activity_remote_java"
25-->src\javaSample\AndroidManifest.xml:18:13-63
26            android:screenOrientation="portrait"
26-->src\javaSample\AndroidManifest.xml:19:13-49
27            android:theme="@style/LauncherTheme" >
27-->src\javaSample\AndroidManifest.xml:20:13-49
28            <intent-filter>
28-->src\javaSample\AndroidManifest.xml:21:13-24:29
29                <action android:name="android.intent.action.MAIN" />
29-->src\javaSample\AndroidManifest.xml:22:17-69
29-->src\javaSample\AndroidManifest.xml:22:25-66
30
31                <category android:name="android.intent.category.LAUNCHER" />
31-->src\javaSample\AndroidManifest.xml:23:17-77
31-->src\javaSample\AndroidManifest.xml:23:27-74
32            </intent-filter>
33        </activity>
34    </application>
35
36</manifest>